Determining if the pthread_create exist failed with the following output:
Change Dir: /home/parallels/Desktop/ahocorasick/build/CMakeFiles/CMakeTmp

Run Build Command:"/usr/bin/make" "cmTC_e42db/fast"
/usr/bin/make -f CMakeFiles/cmTC_e42db.dir/build.make CMakeFiles/cmTC_e42db.dir/build
make[1]: Entering directory '/home/parallels/Desktop/ahocorasick/build/CMakeFiles/CMakeTmp'
Building C object CMakeFiles/cmTC_e42db.dir/CheckSymbolExists.c.o
/usr/bin/cc    -o CMakeFiles/cmTC_e42db.dir/CheckSymbolExists.c.o   -c /home/parallels/Desktop/ahocorasick/build/CMakeFiles/CMakeTmp/CheckSymbolExists.c
Linking C executable cmTC_e42db
/usr/bin/cmake -E cmake_link_script CMakeFiles/cmTC_e42db.dir/link.txt --verbose=1
/usr/bin/cc      -rdynamic CMakeFiles/cmTC_e42db.dir/CheckSymbolExists.c.o  -o cmTC_e42db 
CMakeFiles/cmTC_e42db.dir/CheckSymbolExists.c.o: In function `main':
CheckSymbolExists.c:(.text+0x1b): undefined reference to `pthread_create'
collect2: error: ld returned 1 exit status
CMakeFiles/cmTC_e42db.dir/build.make:97: recipe for target 'cmTC_e42db' failed
make[1]: *** [cmTC_e42db] Error 1
make[1]: Leaving directory '/home/parallels/Desktop/ahocorasick/build/CMakeFiles/CMakeTmp'
Makefile:126: recipe for target 'cmTC_e42db/fast' failed
make: *** [cmTC_e42db/fast] Error 2

File /home/parallels/Desktop/ahocorasick/build/CMakeFiles/CMakeTmp/CheckSymbolExists.c:
/* */
#include <pthread.h>

int main(int argc, char** argv)
{
  (void)argv;
#ifndef pthread_create
  return ((int*)(&pthread_create))[argc];
#else
  (void)argc;
  return 0;
#endif
}

Determining if the function pthread_create exists in the pthreads failed with the following output:
Change Dir: /home/parallels/Desktop/ahocorasick/build/CMakeFiles/CMakeTmp

Run Build Command:"/usr/bin/make" "cmTC_b1bfd/fast"
/usr/bin/make -f CMakeFiles/cmTC_b1bfd.dir/build.make CMakeFiles/cmTC_b1bfd.dir/build
make[1]: Entering directory '/home/parallels/Desktop/ahocorasick/build/CMakeFiles/CMakeTmp'
Building C object CMakeFiles/cmTC_b1bfd.dir/CheckFunctionExists.c.o
/usr/bin/cc   -DCHECK_FUNCTION_EXISTS=pthread_create   -o CMakeFiles/cmTC_b1bfd.dir/CheckFunctionExists.c.o   -c /usr/share/cmake-3.10/Modules/CheckFunctionExists.c
Linking C executable cmTC_b1bfd
/usr/bin/cmake -E cmake_link_script CMakeFiles/cmTC_b1bfd.dir/link.txt --verbose=1
/usr/bin/cc  -DCHECK_FUNCTION_EXISTS=pthread_create    -rdynamic CMakeFiles/cmTC_b1bfd.dir/CheckFunctionExists.c.o  -o cmTC_b1bfd -lpthreads 
/usr/bin/x86_64-linux-gnu-ld: cannot find -lpthreads
collect2: error: ld returned 1 exit status
CMakeFiles/cmTC_b1bfd.dir/build.make:97: recipe for target 'cmTC_b1bfd' failed
make[1]: *** [cmTC_b1bfd] Error 1
make[1]: Leaving directory '/home/parallels/Desktop/ahocorasick/build/CMakeFiles/CMakeTmp'
Makefile:126: recipe for target 'cmTC_b1bfd/fast' failed
make: *** [cmTC_b1bfd/fast] Error 2


